<?xml version="1.0" encoding="UTF-8"?>
<testng-results ignored="0" total="2" passed="2" failed="0" skipped="0">
  <reporter-output>
  </reporter-output>
  <suite started-at="2026-02-05T00:05:20 IST" name="Surefire suite" finished-at="2026-02-05T00:05:29 IST" duration-ms="8582">
    <groups>
    </groups>
    <test started-at="2026-02-05T00:05:20 IST" name="Surefire test" finished-at="2026-02-05T00:05:29 IST" duration-ms="8582">
      <class name="tests.LoginTest">
        <test-method is-config="true" signature="setup()[pri:0, instance:tests.LoginTest@2f7c2f4f]" started-at="2026-02-05T00:05:20 IST" name="setup" finished-at="2026-02-05T00:05:24 IST" duration-ms="3326" status="PASS">
          <reporter-output>
          </reporter-output>
        </test-method> <!-- setup -->
        <test-method signature="test001()[pri:0, instance:tests.LoginTest@2f7c2f4f]" started-at="2026-02-05T00:05:24 IST" name="test001" finished-at="2026-02-05T00:05:25 IST" duration-ms="1130" status="PASS">
          <reporter-output>
          </reporter-output>
        </test-method> <!-- test001 -->
        <test-method is-config="true" signature="tearDown()[pri:0, instance:tests.LoginTest@2f7c2f4f]" started-at="2026-02-05T00:05:25 IST" name="tearDown" finished-at="2026-02-05T00:05:25 IST" duration-ms="502" status="PASS">
          <reporter-output>
          </reporter-output>
        </test-method> <!-- tearDown -->
      </class> <!-- tests.LoginTest -->
      <class name="tests.RegisterTest">
        <test-method is-config="true" signature="setup()[pri:0, instance:tests.RegisterTest@6af93788]" started-at="2026-02-05T00:05:25 IST" name="setup" finished-at="2026-02-05T00:05:28 IST" duration-ms="2813" status="PASS">
          <reporter-output>
          </reporter-output>
        </test-method> <!-- setup -->
        <test-method signature="test002()[pri:0, instance:tests.RegisterTest@6af93788]" started-at="2026-02-05T00:05:28 IST" name="test002" finished-at="2026-02-05T00:05:28 IST" duration-ms="336" status="PASS">
          <reporter-output>
          </reporter-output>
        </test-method> <!-- test002 -->
        <test-method is-config="true" signature="tearDown()[pri:0, instance:tests.RegisterTest@6af93788]" started-at="2026-02-05T00:05:28 IST" name="tearDown" finished-at="2026-02-05T00:05:29 IST" duration-ms="377" status="PASS">
          <reporter-output>
          </reporter-output>
        </test-method> <!-- tearDown -->
      </class> <!-- tests.RegisterTest -->
    </test> <!-- Surefire test -->
  </suite> <!-- Surefire suite -->
</testng-results>
