<?xml version="1.0" encoding="UTF-8"?>
<testng-results ignored="0" total="2" passed="2" failed="0" skipped="0">
  <reporter-output>
  </reporter-output>
  <suite started-at="2026-02-04T00:33:44 IST" name="Surefire suite" finished-at="2026-02-04T00:33:51 IST" duration-ms="6834">
    <groups>
    </groups>
    <test started-at="2026-02-04T00:33:44 IST" name="Surefire test" finished-at="2026-02-04T00:33:51 IST" duration-ms="6834">
      <class name="tests.LoginTest">
        <test-method is-config="true" signature="setup()[pri:0, instance:tests.LoginTest@1b1473ab]" started-at="2026-02-04T00:33:45 IST" name="setup" finished-at="2026-02-04T00:33:47 IST" duration-ms="2267" status="PASS">
          <reporter-output>
          </reporter-output>
        </test-method> <!-- setup -->
        <test-method signature="test001()[pri:0, instance:tests.LoginTest@1b1473ab]" started-at="2026-02-04T00:33:47 IST" name="test001" finished-at="2026-02-04T00:33:48 IST" duration-ms="916" status="PASS">
          <reporter-output>
          </reporter-output>
        </test-method> <!-- test001 -->
        <test-method is-config="true" signature="tearDown()[pri:0, instance:tests.LoginTest@1b1473ab]" started-at="2026-02-04T00:33:48 IST" name="tearDown" finished-at="2026-02-04T00:33:48 IST" duration-ms="377" status="PASS">
          <reporter-output>
          </reporter-output>
        </test-method> <!-- tearDown -->
      </class> <!-- tests.LoginTest -->
      <class name="tests.RegisterTest">
        <test-method is-config="true" signature="setup()[pri:0, instance:tests.RegisterTest@2f7c2f4f]" started-at="2026-02-04T00:33:48 IST" name="setup" finished-at="2026-02-04T00:33:51 IST" duration-ms="2668" status="PASS">
          <reporter-output>
          </reporter-output>
        </test-method> <!-- setup -->
        <test-method signature="test002()[pri:0, instance:tests.RegisterTest@2f7c2f4f]" started-at="2026-02-04T00:33:51 IST" name="test002" finished-at="2026-02-04T00:33:51 IST" duration-ms="215" status="PASS">
          <reporter-output>
          </reporter-output>
        </test-method> <!-- test002 -->
        <test-method is-config="true" signature="tearDown()[pri:0, instance:tests.RegisterTest@2f7c2f4f]" started-at="2026-02-04T00:33:51 IST" name="tearDown" finished-at="2026-02-04T00:33:51 IST" duration-ms="320" status="PASS">
          <reporter-output>
          </reporter-output>
        </test-method> <!-- tearDown -->
      </class> <!-- tests.RegisterTest -->
    </test> <!-- Surefire test -->
  </suite> <!-- Surefire suite -->
</testng-results>
