<?xml version="1.0" encoding="UTF-8"?>
<testng-results ignored="0" total="1" passed="1" failed="0" skipped="0">
  <reporter-output>
  </reporter-output>
  <suite started-at="2026-02-02T22:54:15 IST" name="Surefire suite" finished-at="2026-02-02T22:54:15 IST" duration-ms="46">
    <groups>
    </groups>
    <test started-at="2026-02-02T22:54:15 IST" name="Surefire test" finished-at="2026-02-02T22:54:15 IST" duration-ms="46">
      <class name="tests.LoginTest">
        <test-method signature="test001()[pri:0, instance:tests.LoginTest@18ce0030]" started-at="2026-02-02T22:54:15 IST" name="test001" finished-at="2026-02-02T22:54:15 IST" duration-ms="6" status="PASS">
          <reporter-output>
          </reporter-output>
        </test-method> <!-- test001 -->
      </class> <!-- tests.LoginTest -->
    </test> <!-- Surefire test -->
  </suite> <!-- Surefire suite -->
</testng-results>
