<?xml version="1.0" encoding="UTF-8"?>
<testng-results ignored="0" total="2" passed="2" failed="0" skipped="0">
  <reporter-output>
  </reporter-output>
  <suite started-at="2026-02-03T23:03:31 IST" name="Surefire suite" finished-at="2026-02-03T23:03:37 IST" duration-ms="5990">
    <groups>
    </groups>
    <test started-at="2026-02-03T23:03:31 IST" name="Surefire test" finished-at="2026-02-03T23:03:37 IST" duration-ms="5990">
      <class name="tests.LoginTest">
        <test-method is-config="true" signature="setup()[pri:0, instance:tests.LoginTest@ef9296d]" started-at="2026-02-03T23:03:31 IST" name="setup" finished-at="2026-02-03T23:03:33 IST" duration-ms="2375" status="PASS">
          <reporter-output>
          </reporter-output>
        </test-method> <!-- setup -->
        <test-method signature="test001()[pri:0, instance:tests.LoginTest@ef9296d]" started-at="2026-02-03T23:03:33 IST" name="test001" finished-at="2026-02-03T23:03:34 IST" duration-ms="582" status="PASS">
          <reporter-output>
          </reporter-output>
        </test-method> <!-- test001 -->
        <test-method is-config="true" signature="tearDown()[pri:0, instance:tests.LoginTest@ef9296d]" started-at="2026-02-03T23:03:34 IST" name="tearDown" finished-at="2026-02-03T23:03:34 IST" duration-ms="281" status="PASS">
          <reporter-output>
          </reporter-output>
        </test-method> <!-- tearDown -->
      </class> <!-- tests.LoginTest -->
      <class name="tests.RegisterTest">
        <test-method is-config="true" signature="setup()[pri:0, instance:tests.RegisterTest@36c88a32]" started-at="2026-02-03T23:03:34 IST" name="setup" finished-at="2026-02-03T23:03:35 IST" duration-ms="1425" status="PASS">
          <reporter-output>
          </reporter-output>
        </test-method> <!-- setup -->
        <test-method signature="test002()[pri:0, instance:tests.RegisterTest@36c88a32]" started-at="2026-02-03T23:03:35 IST" name="test002" finished-at="2026-02-03T23:03:36 IST" duration-ms="987" status="PASS">
          <reporter-output>
          </reporter-output>
        </test-method> <!-- test002 -->
        <test-method is-config="true" signature="tearDown()[pri:0, instance:tests.RegisterTest@36c88a32]" started-at="2026-02-03T23:03:36 IST" name="tearDown" finished-at="2026-02-03T23:03:37 IST" duration-ms="267" status="PASS">
          <reporter-output>
          </reporter-output>
        </test-method> <!-- tearDown -->
      </class> <!-- tests.RegisterTest -->
    </test> <!-- Surefire test -->
  </suite> <!-- Surefire suite -->
</testng-results>
